<?xml version="1.0" encoding="UTF-8"?>
<!-- Generated by org.testng.reporters.JUnitXMLReporter -->
<testsuite hostname="WIN-BVRET0KIAI3" name="$25 Gift Card test" tests="6" failures="0" timestamp="1 Dec 2014 11:22:06 GMT" time="150.915" errors="0">
  <testcase name="TestgiftExistingToNew" time="21.252" classname="TestCases.TestGift_25"/>
  <testcase name="TestgiftExistingToExisting" time="24.934" classname="TestCases.TestGift_25"/>
  <testcase name="TestgiftNewToNew" time="19.817" classname="TestCases.TestGift_25"/>
  <testcase name="TestNewToExisting" time="21.797" classname="TestCases.TestGift_25"/>
  <testcase name="TestExistingToNew_Login" time="32.467" classname="TestCases.TestGift_25"/>
  <testcase name="TestExistingToExisting_Login" time="30.648" classname="TestCases.TestGift_25"/>
</testsuite> <!-- $25 Gift Card test -->
