<?xml version="1.0" encoding="UTF-8"?>
<!-- Generated by org.testng.reporters.JUnitXMLReporter -->
<testsuite hostname="WIN-BVRET0KIAI3" name="$50 Gift Card test" tests="6" failures="0" timestamp="1 Dec 2014 11:24:45 GMT" time="158.746" errors="0">
  <testcase name="TestgiftExistingToNew" time="22.058" classname="TestCases.TestGift_50"/>
  <testcase name="TestgiftExistingToExisting" time="32.406" classname="TestCases.TestGift_50"/>
  <testcase name="TestgiftNewToNew" time="21.712" classname="TestCases.TestGift_50"/>
  <testcase name="TestNewToExisting" time="22.656" classname="TestCases.TestGift_50"/>
  <testcase name="TestExistingToNew_Login" time="30.498" classname="TestCases.TestGift_50"/>
  <testcase name="TestExistingToExisting_Login" time="29.416" classname="TestCases.TestGift_50"/>
</testsuite> <!-- $50 Gift Card test -->
