<?xml version="1.0" encoding="UTF-8"?>
<!-- Generated by org.testng.reporters.JUnitXMLReporter -->
<testsuite hostname="JATIN-PC" name="HomePage Links test" tests="1" failures="1" timestamp="12 Oct 2014 12:05:49 GMT" time="32.677" errors="0">
  <testcase name="HomePage_Links" time="32.659" classname="TestCases.TestHomePage_Links">
    <failure type="java.lang.AssertionError" message="expected [Knowledge Base – Support and Knowledge Base for Pley] but found [Problem loading page]">
      <![CDATA[java.lang.AssertionError: expected [Knowledge Base – Support and Knowledge Base for Pley] but found [Problem loading page]
	at Core.HomePage_Links.footerLinks(HomePage_Links.java:111)
	at TestCases.TestHomePage_Links.HomePage_Links(TestHomePage_Links.java:34)
... Removed 28 stack frames]]>
    </failure>
  </testcase> <!-- HomePage_Links -->
</testsuite> <!-- HomePage Links test -->
